<?xml version="1.0" encoding="UTF-8" standalone="yes"?><!DOCTYPE report PUBLIC "-//JACOCO//DTD Report 1.1//EN" "report.dtd"><report name="prolobjectlink-jpi-jpl-yap"><sessioninfo id="DESKTOP-NK7F6C3-4436b2aa" start="1673109821508" dump="1673109832056"/><sessioninfo id="DESKTOP-NK7F6C3-c984c2bc" start="1673109849312" dump="1673109860017"/><package name="io/github/prolobjectlink/prolog/jpl/yap"><class name="io/github/prolobjectlink/prolog/jpl/yap/YapPrologConverter" sourcefilename="YapPrologConverter.java"><method name="&lt;init&gt;" desc="()V" line="34"><counter type="INSTRUCTION" missed="0" covered="3"/><counter type="LINE" missed="0" covered="1"/><counter type="COMPLEXITY" missed="0" covered="1"/><counter type="METHOD" missed="0" covered="1"/></method><method name="createProvider" desc="()Lio/github/prolobjectlink/prolog/PrologProvider;" line="37"><counter type="INSTRUCTION" missed="0" covered="5"/><counter type="LINE" missed="0" covered="1"/><counter type="COMPLEXITY" missed="0" covered="1"/><counter type="METHOD" missed="0" covered="1"/></method><method name="toString" desc="()Ljava/lang/String;" line="42"><counter type="INSTRUCTION" missed="0" covered="2"/><counter type="LINE" missed="0" covered="1"/><counter type="COMPLEXITY" missed="0" covered="1"/><counter type="METHOD" missed="0" covered="1"/></method><counter type="INSTRUCTION" missed="0" covered="10"/><counter type="LINE" missed="0" covered="3"/><counter type="COMPLEXITY" missed="0" covered="3"/><counter type="METHOD" missed="0" covered="3"/><counter type="CLASS" missed="0" covered="1"/></class><class name="io/github/prolobjectlink/prolog/jpl/yap/YapPrologConsole" sourcefilename="YapPrologConsole.java"><method name="&lt;init&gt;" desc="()V" line="35"><counter type="INSTRUCTION" missed="0" covered="6"/><counter type="LINE" missed="0" covered="2"/><counter type="COMPLEXITY" missed="0" covered="1"/><counter type="METHOD" missed="0" covered="1"/></method><method name="main" desc="([Ljava/lang/String;)V" line="39"><counter type="INSTRUCTION" missed="6" covered="0"/><counter type="LINE" missed="2" covered="0"/><counter type="COMPLEXITY" missed="1" covered="0"/><counter type="METHOD" missed="1" covered="0"/></method><counter type="INSTRUCTION" missed="6" covered="6"/><counter type="LINE" missed="2" covered="2"/><counter type="COMPLEXITY" missed="1" covered="1"/><counter type="METHOD" missed="1" covered="1"/><counter type="CLASS" missed="0" covered="1"/></class><class name="io/github/prolobjectlink/prolog/jpl/yap/YapPrologScriptFactory" sourcefilename="YapPrologScriptFactory.java"><method name="&lt;init&gt;" desc="()V" line="31"><counter type="INSTRUCTION" missed="0" covered="7"/><counter type="LINE" missed="0" covered="2"/><counter type="COMPLEXITY" missed="0" covered="1"/><counter type="METHOD" missed="0" covered="1"/></method><counter type="INSTRUCTION" missed="0" covered="7"/><counter type="LINE" missed="0" covered="2"/><counter type="COMPLEXITY" missed="0" covered="1"/><counter type="METHOD" missed="0" covered="1"/><counter type="CLASS" missed="0" covered="1"/></class><class name="io/github/prolobjectlink/prolog/jpl/yap/YapPrologEngine" sourcefilename="YapPrologEngine.java"><method name="&lt;init&gt;" desc="(Lio/github/prolobjectlink/prolog/PrologProvider;)V" line="44"><counter type="INSTRUCTION" missed="0" covered="4"/><counter type="LINE" missed="0" covered="2"/><counter type="COMPLEXITY" missed="0" covered="1"/><counter type="METHOD" missed="0" covered="1"/></method><method name="&lt;init&gt;" desc="(Lio/github/prolobjectlink/prolog/PrologProvider;Ljava/lang/String;)V" line="48"><counter type="INSTRUCTION" missed="5" covered="0"/><counter type="LINE" missed="2" covered="0"/><counter type="COMPLEXITY" missed="1" covered="0"/><counter type="METHOD" missed="1" covered="0"/></method><method name="getLicense" desc="()Ljava/lang/String;" line="52"><counter type="INSTRUCTION" missed="0" covered="2"/><counter type="LINE" missed="0" covered="1"/><counter type="COMPLEXITY" missed="0" covered="1"/><counter type="METHOD" missed="0" covered="1"/></method><method name="getVersion" desc="()Ljava/lang/String;" line="56"><counter type="INSTRUCTION" missed="0" covered="38"/><counter type="LINE" missed="0" covered="2"/><counter type="COMPLEXITY" missed="0" covered="1"/><counter type="METHOD" missed="0" covered="1"/></method><method name="getVendor" desc="()Ljava/lang/String;" line="61"><counter type="INSTRUCTION" missed="2" covered="0"/><counter type="LINE" missed="1" covered="0"/><counter type="COMPLEXITY" missed="1" covered="0"/><counter type="METHOD" missed="1" covered="0"/></method><method name="getName" desc="()Ljava/lang/String;" line="65"><counter type="INSTRUCTION" missed="0" covered="2"/><counter type="LINE" missed="0" covered="1"/><counter type="COMPLEXITY" missed="0" covered="1"/><counter type="METHOD" missed="0" covered="1"/></method><method name="verify" desc="()Ljava/util/List;" line="69"><counter type="INSTRUCTION" missed="199" covered="0"/><counter type="BRANCH" missed="6" covered="0"/><counter type="LINE" missed="21" covered="0"/><counter type="COMPLEXITY" missed="4" covered="0"/><counter type="METHOD" missed="1" covered="0"/></method><counter type="INSTRUCTION" missed="206" covered="46"/><counter type="BRANCH" missed="6" covered="0"/><counter type="LINE" missed="24" covered="6"/><counter type="COMPLEXITY" missed="6" covered="4"/><counter type="METHOD" missed="3" covered="4"/><counter type="CLASS" missed="0" covered="1"/></class><class name="io/github/prolobjectlink/prolog/jpl/yap/YapProlog" sourcefilename="YapProlog.java"><method name="&lt;init&gt;" desc="()V" line="39"><counter type="INSTRUCTION" missed="0" covered="6"/><counter type="LINE" missed="0" covered="2"/><counter type="COMPLEXITY" missed="0" covered="1"/><counter type="METHOD" missed="0" covered="1"/></method><method name="&lt;init&gt;" desc="(Lio/github/prolobjectlink/prolog/PrologConverter;)V" line="43"><counter type="INSTRUCTION" missed="0" covered="4"/><counter type="LINE" missed="0" covered="2"/><counter type="COMPLEXITY" missed="0" covered="1"/><counter type="METHOD" missed="0" covered="1"/></method><method name="getJavaConverter" desc="()Lio/github/prolobjectlink/prolog/PrologJavaConverter;" line="47"><counter type="INSTRUCTION" missed="0" covered="5"/><counter type="LINE" missed="0" covered="1"/><counter type="COMPLEXITY" missed="0" covered="1"/><counter type="METHOD" missed="0" covered="1"/></method><method name="newEngine" desc="()Lio/github/prolobjectlink/prolog/PrologEngine;" line="51"><counter type="INSTRUCTION" missed="0" covered="5"/><counter type="LINE" missed="0" covered="1"/><counter type="COMPLEXITY" missed="0" covered="1"/><counter type="METHOD" missed="0" covered="1"/></method><method name="newEngine" desc="(Ljava/lang/String;)Lio/github/prolobjectlink/prolog/PrologEngine;" line="55"><counter type="INSTRUCTION" missed="8" covered="0"/><counter type="LINE" missed="3" covered="0"/><counter type="COMPLEXITY" missed="1" covered="0"/><counter type="METHOD" missed="1" covered="0"/></method><method name="toString" desc="()Ljava/lang/String;" line="62"><counter type="INSTRUCTION" missed="0" covered="12"/><counter type="LINE" missed="0" covered="1"/><counter type="COMPLEXITY" missed="0" covered="1"/><counter type="METHOD" missed="0" covered="1"/></method><counter type="INSTRUCTION" missed="8" covered="32"/><counter type="LINE" missed="3" covered="7"/><counter type="COMPLEXITY" missed="1" covered="5"/><counter type="METHOD" missed="1" covered="5"/><counter type="CLASS" missed="0" covered="1"/></class><class name="io/github/prolobjectlink/prolog/jpl/yap/YapPrologJavaConverter" sourcefilename="YapPrologJavaConverter.java"><method name="&lt;init&gt;" desc="(Lio/github/prolobjectlink/prolog/PrologProvider;)V" line="31"><counter type="INSTRUCTION" missed="0" covered="4"/><counter type="LINE" missed="0" covered="2"/><counter type="COMPLEXITY" missed="0" covered="1"/><counter type="METHOD" missed="0" covered="1"/></method><counter type="INSTRUCTION" missed="0" covered="4"/><counter type="LINE" missed="0" covered="2"/><counter type="COMPLEXITY" missed="0" covered="1"/><counter type="METHOD" missed="0" covered="1"/><counter type="CLASS" missed="0" covered="1"/></class><sourcefile name="YapProlog.java"><line nr="39" mi="0" ci="5" mb="0" cb="0"/><line nr="40" mi="0" ci="1" mb="0" cb="0"/><line nr="43" mi="0" ci="3" mb="0" cb="0"/><line nr="44" mi="0" ci="1" mb="0" cb="0"/><line nr="47" mi="0" ci="5" mb="0" cb="0"/><line nr="51" mi="0" ci="5" mb="0" cb="0"/><line nr="55" mi="3" ci="0" mb="0" cb="0"/><line nr="56" mi="3" ci="0" mb="0" cb="0"/><line nr="57" mi="2" ci="0" mb="0" cb="0"/><line nr="62" mi="0" ci="12" mb="0" cb="0"/><counter type="INSTRUCTION" missed="8" covered="32"/><counter type="LINE" missed="3" covered="7"/><counter type="COMPLEXITY" missed="1" covered="5"/><counter type="METHOD" missed="1" covered="5"/><counter type="CLASS" missed="0" covered="1"/></sourcefile><sourcefile name="YapPrologConverter.java"><line nr="34" mi="0" ci="3" mb="0" cb="0"/><line nr="37" mi="0" ci="5" mb="0" cb="0"/><line nr="42" mi="0" ci="2" mb="0" cb="0"/><counter type="INSTRUCTION" missed="0" covered="10"/><counter type="LINE" missed="0" covered="3"/><counter type="COMPLEXITY" missed="0" covered="3"/><counter type="METHOD" missed="0" covered="3"/><counter type="CLASS" missed="0" covered="1"/></sourcefile><sourcefile name="YapPrologScriptFactory.java"><line nr="31" mi="0" ci="6" mb="0" cb="0"/><line nr="32" mi="0" ci="1" mb="0" cb="0"/><counter type="INSTRUCTION" missed="0" covered="7"/><counter type="LINE" missed="0" covered="2"/><counter type="COMPLEXITY" missed="0" covered="1"/><counter type="METHOD" missed="0" covered="1"/><counter type="CLASS" missed="0" covered="1"/></sourcefile><sourcefile name="YapPrologConsole.java"><line nr="35" mi="0" ci="5" mb="0" cb="0"/><line nr="36" mi="0" ci="1" mb="0" cb="0"/><line nr="39" mi="5" ci="0" mb="0" cb="0"/><line nr="40" mi="1" ci="0" mb="0" cb="0"/><counter type="INSTRUCTION" missed="6" covered="6"/><counter type="LINE" missed="2" covered="2"/><counter type="COMPLEXITY" missed="1" covered="1"/><counter type="METHOD" missed="1" covered="1"/><counter type="CLASS" missed="0" covered="1"/></sourcefile><sourcefile name="YapPrologEngine.java"><line nr="44" mi="0" ci="3" mb="0" cb="0"/><line nr="45" mi="0" ci="1" mb="0" cb="0"/><line nr="48" mi="4" ci="0" mb="0" cb="0"/><line nr="49" mi="1" ci="0" mb="0" cb="0"/><line nr="52" mi="0" ci="2" mb="0" cb="0"/><line nr="56" mi="0" ci="9" mb="0" cb="0"/><line nr="57" mi="0" ci="29" mb="0" cb="0"/><line nr="61" mi="2" ci="0" mb="0" cb="0"/><line nr="65" mi="0" ci="2" mb="0" cb="0"/><line nr="69" mi="2" ci="0" mb="0" cb="0"/><line nr="70" mi="4" ci="0" mb="0" cb="0"/><line nr="71" mi="3" ci="0" mb="0" cb="0"/><line nr="72" mi="3" ci="0" mb="0" cb="0"/><line nr="73" mi="3" ci="0" mb="0" cb="0"/><line nr="74" mi="3" ci="0" mb="2" cb="0"/><line nr="75" mi="27" ci="0" mb="0" cb="0"/><line nr="76" mi="27" ci="0" mb="0" cb="0"/><line nr="77" mi="16" ci="0" mb="0" cb="0"/><line nr="78" mi="11" ci="0" mb="0" cb="0"/><line nr="79" mi="11" ci="0" mb="0" cb="0"/><line nr="80" mi="5" ci="0" mb="0" cb="0"/><line nr="81" mi="4" ci="0" mb="2" cb="0"/><line nr="83" mi="3" ci="0" mb="2" cb="0"/><line nr="84" mi="20" ci="0" mb="0" cb="0"/><line nr="85" mi="20" ci="0" mb="0" cb="0"/><line nr="86" mi="13" ci="0" mb="0" cb="0"/><line nr="87" mi="7" ci="0" mb="0" cb="0"/><line nr="88" mi="11" ci="0" mb="0" cb="0"/><line nr="89" mi="4" ci="0" mb="0" cb="0"/><line nr="91" mi="2" ci="0" mb="0" cb="0"/><counter type="INSTRUCTION" missed="206" covered="46"/><counter type="BRANCH" missed="6" covered="0"/><counter type="LINE" missed="24" covered="6"/><counter type="COMPLEXITY" missed="6" covered="4"/><counter type="METHOD" missed="3" covered="4"/><counter type="CLASS" missed="0" covered="1"/></sourcefile><sourcefile name="YapPrologJavaConverter.java"><line nr="31" mi="0" ci="3" mb="0" cb="0"/><line nr="32" mi="0" ci="1" mb="0" cb="0"/><counter type="INSTRUCTION" missed="0" covered="4"/><counter type="LINE" missed="0" covered="2"/><counter type="COMPLEXITY" missed="0" covered="1"/><counter type="METHOD" missed="0" covered="1"/><counter type="CLASS" missed="0" covered="1"/></sourcefile><counter type="INSTRUCTION" missed="220" covered="105"/><counter type="BRANCH" missed="6" covered="0"/><counter type="LINE" missed="29" covered="22"/><counter type="COMPLEXITY" missed="8" covered="15"/><counter type="METHOD" missed="5" covered="15"/><counter type="CLASS" missed="0" covered="6"/></package><counter type="INSTRUCTION" missed="220" covered="105"/><counter type="BRANCH" missed="6" covered="0"/><counter type="LINE" missed="29" covered="22"/><counter type="COMPLEXITY" missed="8" covered="15"/><counter type="METHOD" missed="5" covered="15"/><counter type="CLASS" missed="0" covered="6"/></report>